{"/Users/easosa/Code/PersonalR&DTools/utils/helpers.js": {"path":"/Users/easosa/Code/PersonalR&DTools/utils/helpers.js","all":false,"statementMap":{"0":{"start":{"line":1,"column":0},"end":{"line":1,"column":3}},"1":{"start":{"line":2,"column":0},"end":{"line":2,"column":29}},"2":{"start":{"line":3,"column":0},"end":{"line":3,"column":32}},"3":{"start":{"line":4,"column":0},"end":{"line":4,"column":3}},"4":{"start":{"line":5,"column":0},"end":{"line":5,"column":37}},"5":{"start":{"line":6,"column":0},"end":{"line":6,"column":111}},"6":{"start":{"line":7,"column":0},"end":{"line":7,"column":0}},"7":{"start":{"line":8,"column":0},"end":{"line":8,"column":88}},"8":{"start":{"line":9,"column":0},"end":{"line":9,"column":28}},"9":{"start":{"line":10,"column":0},"end":{"line":10,"column":25}},"10":{"start":{"line":11,"column":0},"end":{"line":11,"column":24}},"11":{"start":{"line":12,"column":0},"end":{"line":12,"column":7}},"12":{"start":{"line":13,"column":0},"end":{"line":13,"column":51}},"13":{"start":{"line":14,"column":0},"end":{"line":14,"column":44}},"14":{"start":{"line":15,"column":0},"end":{"line":15,"column":0}},"15":{"start":{"line":16,"column":0},"end":{"line":16,"column":71}},"16":{"start":{"line":17,"column":0},"end":{"line":17,"column":56}},"17":{"start":{"line":18,"column":0},"end":{"line":18,"column":28}},"18":{"start":{"line":19,"column":0},"end":{"line":19,"column":29}},"19":{"start":{"line":20,"column":0},"end":{"line":20,"column":0}},"20":{"start":{"line":21,"column":0},"end":{"line":21,"column":29}},"21":{"start":{"line":22,"column":0},"end":{"line":22,"column":68}},"22":{"start":{"line":23,"column":0},"end":{"line":23,"column":36}},"23":{"start":{"line":24,"column":0},"end":{"line":24,"column":47}},"24":{"start":{"line":25,"column":0},"end":{"line":25,"column":33}},"25":{"start":{"line":26,"column":0},"end":{"line":26,"column":27}},"26":{"start":{"line":27,"column":0},"end":{"line":27,"column":5}},"27":{"start":{"line":28,"column":0},"end":{"line":28,"column":0}},"28":{"start":{"line":29,"column":0},"end":{"line":29,"column":18}},"29":{"start":{"line":30,"column":0},"end":{"line":30,"column":1}},"30":{"start":{"line":31,"column":0},"end":{"line":31,"column":0}},"31":{"start":{"line":32,"column":0},"end":{"line":32,"column":18}},"32":{"start":{"line":33,"column":0},"end":{"line":33,"column":20}},"33":{"start":{"line":34,"column":0},"end":{"line":34,"column":1}}},"s":{"0":1,"1":1,"2":1,"3":1,"4":6,"5":6,"6":6,"7":6,"8":6,"9":6,"10":6,"11":6,"12":6,"13":6,"14":5,"15":5,"16":5,"17":5,"18":5,"19":5,"20":6,"21":1,"22":1,"23":1,"24":1,"25":1,"26":1,"27":5,"28":5,"29":5,"30":1,"31":1,"32":1,"33":1},"branchMap":{"0":{"type":"branch","line":5,"loc":{"start":{"line":5,"column":0},"end":{"line":30,"column":1}},"locations":[{"start":{"line":5,"column":0},"end":{"line":30,"column":1}}]},"1":{"type":"branch","line":14,"loc":{"start":{"line":14,"column":30},"end":{"line":14,"column":44}},"locations":[{"start":{"line":14,"column":30},"end":{"line":14,"column":44}}]},"2":{"type":"branch","line":14,"loc":{"start":{"line":14,"column":43},"end":{"line":21,"column":28}},"locations":[{"start":{"line":14,"column":43},"end":{"line":21,"column":28}}]},"3":{"type":"branch","line":21,"loc":{"start":{"line":21,"column":28},"end":{"line":27,"column":5}},"locations":[{"start":{"line":21,"column":28},"end":{"line":27,"column":5}}]},"4":{"type":"branch","line":27,"loc":{"start":{"line":27,"column":4},"end":{"line":30,"column":1}},"locations":[{"start":{"line":27,"column":4},"end":{"line":30,"column":1}}]}},"b":{"0":[6],"1":[1],"2":[5],"3":[1],"4":[5]},"fnMap":{"0":{"name":"parseSampleName","decl":{"start":{"line":5,"column":0},"end":{"line":30,"column":1}},"loc":{"start":{"line":5,"column":0},"end":{"line":30,"column":1}},"line":5}},"f":{"0":6}}
}
